<?xml version="1.0" encoding="UTF-8"?>
<!-- Generated by org.testng.reporters.JUnitXMLReporter -->
<testsuite hostname="BALAJI-PC" ignored="0" name="AmazonTest" tests="47" failures="3" timestamp="2020-05-16T08:59:26 IST" time="349.698" errors="0">
  <testcase name="zsetup" time="0.031" classname="com.testng.concepts.PriorityTest"/>
  <testcase name="APITest1" time="0.0" classname="com.testng.concepts.GroupTest"/>
  <testcase name="APITest2" time="0.0" classname="com.testng.concepts.GroupTest"/>
  <testcase name="ApiumTest1" time="0.0" classname="com.testng.concepts.GroupTest"/>
  <testcase name="ApiumTest2" time="0.0" classname="com.testng.concepts.GroupTest"/>
  <testcase name="SeleniumTest1" time="0.0" classname="com.testng.concepts.GroupTest"/>
  <testcase name="SeleniumTest2" time="0.0" classname="com.testng.concepts.GroupTest"/>
  <testcase name="SeleniumTest3" time="0.016" classname="com.testng.concepts.GroupTest"/>
  <testcase name="amazonTest" time="36.783" classname="com.testng.concepts.ParallelTest"/>
  <testcase name="browserClose" time="0.027" classname="com.testng.concepts.IgnoreTest"/>
  <testcase name="browserClose" time="0.004" classname="com.testng.concepts.PriorityTest"/>
  <testcase name="browserLaunch" time="0.004" classname="com.testng.concepts.DependencyTest"/>
  <testcase name="browserLaunch" time="0.016" classname="com.testng.concepts.IgnoreTest"/>
  <testcase name="browserLaunch" time="0.009" classname="com.testng.concepts.InvocationTest"/>
  <testcase name="browserLaunch" time="0.005" classname="com.testng.concepts.InvocationTest"/>
  <testcase name="browserLaunch" time="0.003" classname="com.testng.concepts.InvocationTest"/>
  <testcase name="browserLaunch" time="0.056" classname="com.testng.concepts.InvocationTest"/>
  <testcase name="browserLaunch" time="0.003" classname="com.testng.concepts.InvocationTest"/>
  <testcase name="browserLaunch" time="0.004" classname="com.testng.concepts.PriorityTest"/>
  <testcase name="divide" time="0.009" classname="com.testng.concepts.ExceptionTest"/>
  <testcase name="enterUrl" time="0.008" classname="com.testng.concepts.DependencyTest"/>
  <testcase name="enterUrl" time="0.004" classname="com.testng.concepts.InvocationTest"/>
  <testcase name="enterUrl" time="0.005" classname="com.testng.concepts.PriorityTest"/>
  <testcase name="flipkartTest" time="307.999" classname="com.testng.concepts.ParallelTest">
    <failure type="org.openqa.selenium.TimeoutException" message="Timed out waiting for page to load.
Build info: version: &amp;apos;3.141.59&amp;apos;, revision: &amp;apos;e82be7d358&amp;apos;, time: &amp;apos;2018-11-14T08:25:53&amp;apos;
System info: host: &amp;apos;BALAJI-PC&amp;apos;, ip: &amp;apos;169.254.12.2&amp;apos;, os.name: &amp;apos;Windows 7&amp;apos;, os.arch: &amp;apos;amd64&amp;apos;, os.version: &amp;apos;6.1&amp;apos;, java.version: &amp;apos;1.8.0_161&amp;apos;
Driver info: org.openqa.selenium.ie.InternetExplorerDriver
Capabilities {acceptInsecureCerts: false, browserName: internet explorer, browserVersion: 8, javascriptEnabled: true, pageLoadStrategy: normal, platform: WINDOWS, platformName: WINDOWS, proxy: Proxy(), se:ieOptions: {browserAttachTimeout: 0, elementScrollBehavior: 0, enablePersistentHover: true, ie.browserCommandLineSwitches: , ie.edgechromium: false, ie.edgepath: , ie.ensureCleanSession: false, ie.fileUploadDialogTimeout: 3000, ie.forceCreateProcessApi: false, ignoreProtectedModeSettings: false, ignoreZoomSetting: false, initialBrowserUrl: http://localhost:14023/, nativeEvents: true, requireWindowFocus: false}, setWindowRect: true, strictFileInteractability: false, timeouts: {implicit: 0, pageLoad: 300000, script: 30000}, unhandledPromptBehavior: dismiss and notify}
Session ID: dd4dff1a-cf97-4a80-be90-e2d49ad898be">
      <![CDATA[org.openqa.selenium.TimeoutException: Timed out waiting for page to load.
Build info: version: '3.141.59', revision: 'e82be7d358', time: '2018-11-14T08:25:53'
System info: host: 'BALAJI-PC', ip: '169.254.12.2', os.name: 'Windows 7', os.arch: 'amd64', os.version: '6.1', java.version: '1.8.0_161'
Driver info: org.openqa.selenium.ie.InternetExplorerDriver
Capabilities {acceptInsecureCerts: false, browserName: internet explorer, browserVersion: 8, javascriptEnabled: true, pageLoadStrategy: normal, platform: WINDOWS, platformName: WINDOWS, proxy: Proxy(), se:ieOptions: {browserAttachTimeout: 0, elementScrollBehavior: 0, enablePersistentHover: true, ie.browserCommandLineSwitches: , ie.edgechromium: false, ie.edgepath: , ie.ensureCleanSession: false, ie.fileUploadDialogTimeout: 3000, ie.forceCreateProcessApi: false, ignoreProtectedModeSettings: false, ignoreZoomSetting: false, initialBrowserUrl: http://localhost:14023/, nativeEvents: true, requireWindowFocus: false}, setWindowRect: true, strictFileInteractability: false, timeouts: {implicit: 0, pageLoad: 300000, script: 30000}, unhandledPromptBehavior: dismiss and notify}
Session ID: dd4dff1a-cf97-4a80-be90-e2d49ad898be
at org.openqa.selenium.remote.http.W3CHttpResponseCodec.createException(W3CHttpResponseCodec.java:187)
at org.openqa.selenium.remote.http.W3CHttpResponseCodec.decode(W3CHttpResponseCodec.java:122)
at org.openqa.selenium.remote.http.W3CHttpResponseCodec.decode(W3CHttpResponseCodec.java:49)
at org.openqa.selenium.remote.HttpCommandExecutor.execute(HttpCommandExecutor.java:158)
at org.openqa.selenium.remote.service.DriverCommandExecutor.execute(DriverCommandExecutor.java:83)
at org.openqa.selenium.remote.RemoteWebDriver.execute(RemoteWebDriver.java:552)
at org.openqa.selenium.remote.RemoteWebDriver.get(RemoteWebDriver.java:277)
at com.testng.concepts.ParallelTest.flipkartTest(ParallelTest.java:38)
at java.util.ArrayList.forEach(ArrayList.java:1257)
... Removed 31 stack frames]]>
    </failure>
  </testcase> <!-- flipkartTest -->
  <testcase name="laptopSearch" time="4.023" classname="com.testng.concepts.TimeOutTest">
    <failure type="org.testng.internal.thread.ThreadTimeoutException" message="Method com.testng.concepts.TimeOutTest.laptopSearch() didn&amp;apos;t finish within the time-out 4000">
      <![CDATA[org.testng.internal.thread.ThreadTimeoutException: Method com.testng.concepts.TimeOutTest.laptopSearch() didn't finish within the time-out 4000
at java.util.ArrayList.forEach(ArrayList.java:1257)
... Removed 24 stack frames]]>
    </failure>
  </testcase> <!-- laptopSearch -->
  <testcase name="logOut" time="0.047" classname="com.testng.concepts.PriorityTest"/>
  <testcase name="login" time="0.0" classname="com.testng.concepts.DataProviderTest"/>
  <testcase name="login" time="0.015" classname="com.testng.concepts.DataProviderTest"/>
  <testcase name="login" time="0.0" classname="com.testng.concepts.DataProviderTest"/>
  <testcase name="login" time="0.0" classname="com.testng.concepts.ParameterizedTest">
    <failure type="org.testng.TestNGException" message="
Parameter &amp;apos;username&amp;apos; is required by @Test on method login but has not been marked @Optional or defined
in C:\Users\BALAJI\eclipse-workspace\automationselenium\testng.xml">
      <![CDATA[org.testng.TestNGException: 
Parameter 'username' is required by @Test on method login but has not been marked @Optional or defined
in C:\Users\BALAJI\eclipse-workspace\automationselenium\testng.xml
at java.util.ArrayList.forEach(ArrayList.java:1257)
... Removed 26 stack frames]]>
    </failure>
  </testcase> <!-- login -->
  <testcase name="mobileSearch" time="0.0" classname="com.testng.concepts.Annotations"/>
  <testcase name="mobileSearch" time="0.016" classname="com.testng.concepts.DependencyTest"/>
  <testcase name="mobileSearch" time="0.0" classname="com.testng.concepts.InvocationTest"/>
  <testcase name="mobileSearch" time="0.0" classname="com.testng.concepts.TimeOutTest"/>
  <testcase name="setup" time="0.0" classname="com.testng.concepts.IgnoreTest"/>
  <testcase name="signIn" time="0.0" classname="com.testng.concepts.DependencyTest"/>
  <testcase name="signIn" time="0.0" classname="com.testng.concepts.InvocationTest"/>
  <testcase name="signIn" time="0.0" classname="com.testng.concepts.InvocationTest"/>
  <testcase name="signIn" time="0.016" classname="com.testng.concepts.InvocationTest"/>
  <testcase name="signIn" time="0.0" classname="com.testng.concepts.InvocationTest"/>
  <testcase name="signIn" time="0.0" classname="com.testng.concepts.InvocationTest"/>
  <testcase name="signIn" time="0.0" classname="com.testng.concepts.PriorityTest"/>
  <testcase name="tvSearch" time="0.0" classname="com.testng.concepts.TimeOutTest"/>
  <testcase name="verifyHomepage" time="0.0" classname="com.testng.concepts.IgnoreTest"/>
  <testcase name="mobileSearch" time="0.0" classname="com.testng.concepts.PriorityTest"/>
  <testcase name="verifyHomepage" time="0.0" classname="com.testng.concepts.PriorityTest"/>
  <testcase name="deleteCookies" time="0.0" classname="com.testng.concepts.PriorityTest"/>
</testsuite> <!-- AmazonTest -->
