<html>
<head>
<title>TestNG:  AmazonTest</title>
<link href="../testng.css" rel="stylesheet" type="text/css" />
<link href="../my-testng.css" rel="stylesheet" type="text/css" />

<style type="text/css">
.log { display: none;} 
.stack-trace { display: none;} 
</style>
<script type="text/javascript">
<!--
function flip(e) {
  current = e.style.display;
  if (current == 'block') {
    e.style.display = 'none';
    return 0;
  }
  else {
    e.style.display = 'block';
    return 1;
  }
}

function toggleBox(szDivId, elem, msg1, msg2)
{
  var res = -1;  if (document.getElementById) {
    res = flip(document.getElementById(szDivId));
  }
  else if (document.all) {
    // this is the way old msie versions work
    res = flip(document.all[szDivId]);
  }
  if(elem) {
    if(res == 0) elem.innerHTML = msg1; else elem.innerHTML = msg2;
  }

}

function toggleAllBoxes() {
  if (document.getElementsByTagName) {
    d = document.getElementsByTagName('div');
    for (i = 0; i < d.length; i++) {
      if (d[i].className == 'log') {
        flip(d[i]);
      }
    }
  }
}

// -->
</script>

</head>
<body>
<h2 align='center'>AmazonTest</h2><table border='1' align="center">
<tr>
<td>Tests passed/Failed/Skipped:</td><td>44/3/0</td>
</tr><tr>
<td>Started on:</td><td>Sat May 16 08:53:36 IST 2020</td>
</tr>
<tr><td>Total time:</td><td>349 seconds (349698 ms)</td>
</tr><tr>
<td>Included groups:</td><td></td>
</tr><tr>
<td>Excluded groups:</td><td></td>
</tr>
</table><p/>
<small><i>(Hover the method name to see the test class name)</i></small><p/>
<table width='100%' border='1' class='invocation-failed'>
<tr><td colspan='4' align='center'><b>FAILED TESTS</b></td></tr>
<tr><td><b>Test method</b></td>
<td width="30%"><b>Exception</b></td>
<td width="10%"><b>Time (seconds)</b></td>
<td><b>Instance</b></td>
</tr>
<tr>
<td title='com.testng.concepts.ParallelTest.flipkartTest()'><b>flipkartTest</b><br>Test class: com.testng.concepts.ParallelTest</td>
<td><div><pre>org.openqa.selenium.TimeoutException: Timed out waiting for page to load.
Build info: version: &apos;3.141.59&apos;, revision: &apos;e82be7d358&apos;, time: &apos;2018-11-14T08:25:53&apos;
System info: host: &apos;BALAJI-PC&apos;, ip: &apos;169.254.12.2&apos;, os.name: &apos;Windows 7&apos;, os.arch: &apos;amd64&apos;, os.version: &apos;6.1&apos;, java.version: &apos;1.8.0_161&apos;
Driver info: org.openqa.selenium.ie.InternetExplorerDriver
Capabilities {acceptInsecureCerts: false, browserName: internet explorer, browserVersion: 8, javascriptEnabled: true, pageLoadStrategy: normal, platform: WINDOWS, platformName: WINDOWS, proxy: Proxy(), se:ieOptions: {browserAttachTimeout: 0, elementScrollBehavior: 0, enablePersistentHover: true, ie.browserCommandLineSwitches: , ie.edgechromium: false, ie.edgepath: , ie.ensureCleanSession: false, ie.fileUploadDialogTimeout: 3000, ie.forceCreateProcessApi: false, ignoreProtectedModeSettings: false, ignoreZoomSetting: false, initialBrowserUrl: http://localhost:14023/, nativeEvents: true, requireWindowFocus: false}, setWindowRect: true, strictFileInteractability: false, timeouts: {implicit: 0, pageLoad: 300000, script: 30000}, unhandledPromptBehavior: dismiss and notify}
Session ID: dd4dff1a-cf97-4a80-be90-e2d49ad898be
	at org.openqa.selenium.remote.http.W3CHttpResponseCodec.createException(W3CHttpResponseCodec.java:187)
	at org.openqa.selenium.remote.http.W3CHttpResponseCodec.decode(W3CHttpResponseCodec.java:122)
	at org.openqa.selenium.remote.http.W3CHttpResponseCodec.decode(W3CHttpResponseCodec.java:49)
	at org.openqa.selenium.remote.HttpCommandExecutor.execute(HttpCommandExecutor.java:158)
	at org.openqa.selenium.remote.service.DriverCommandExecutor.execute(DriverCommandExecutor.java:83)
	at org.openqa.selenium.remote.RemoteWebDriver.execute(RemoteWebDriver.java:552)
	at org.openqa.selenium.remote.RemoteWebDriver.get(RemoteWebDriver.java:277)
	at com.testng.concepts.ParallelTest.flipkartTest(ParallelTest.java:38)
	at java.util.ArrayList.forEach(ArrayList.java:1257)
... Removed 31 stack frames</pre></div><a href='#' onClick='toggleBox("stack-trace238816832", this, "Click to show all stack frames", "Click to hide stack frames")'>Click to show all stack frames</a>
<div class='stack-trace' id='stack-trace238816832'><pre>org.openqa.selenium.TimeoutException: Timed out waiting for page to load.
Build info: version: &apos;3.141.59&apos;, revision: &apos;e82be7d358&apos;, time: &apos;2018-11-14T08:25:53&apos;
System info: host: &apos;BALAJI-PC&apos;, ip: &apos;169.254.12.2&apos;, os.name: &apos;Windows 7&apos;, os.arch: &apos;amd64&apos;, os.version: &apos;6.1&apos;, java.version: &apos;1.8.0_161&apos;
Driver info: org.openqa.selenium.ie.InternetExplorerDriver
Capabilities {acceptInsecureCerts: false, browserName: internet explorer, browserVersion: 8, javascriptEnabled: true, pageLoadStrategy: normal, platform: WINDOWS, platformName: WINDOWS, proxy: Proxy(), se:ieOptions: {browserAttachTimeout: 0, elementScrollBehavior: 0, enablePersistentHover: true, ie.browserCommandLineSwitches: , ie.edgechromium: false, ie.edgepath: , ie.ensureCleanSession: false, ie.fileUploadDialogTimeout: 3000, ie.forceCreateProcessApi: false, ignoreProtectedModeSettings: false, ignoreZoomSetting: false, initialBrowserUrl: http://localhost:14023/, nativeEvents: true, requireWindowFocus: false}, setWindowRect: true, strictFileInteractability: false, timeouts: {implicit: 0, pageLoad: 300000, script: 30000}, unhandledPromptBehavior: dismiss and notify}
Session ID: dd4dff1a-cf97-4a80-be90-e2d49ad898be
	at sun.reflect.NativeConstructorAccessorImpl.newInstance0(Native Method)
	at sun.reflect.NativeConstructorAccessorImpl.newInstance(NativeConstructorAccessorImpl.java:62)
	at sun.reflect.DelegatingConstructorAccessorImpl.newInstance(DelegatingConstructorAccessorImpl.java:45)
	at java.lang.reflect.Constructor.newInstance(Constructor.java:423)
	at org.openqa.selenium.remote.http.W3CHttpResponseCodec.createException(W3CHttpResponseCodec.java:187)
	at org.openqa.selenium.remote.http.W3CHttpResponseCodec.decode(W3CHttpResponseCodec.java:122)
	at org.openqa.selenium.remote.http.W3CHttpResponseCodec.decode(W3CHttpResponseCodec.java:49)
	at org.openqa.selenium.remote.HttpCommandExecutor.execute(HttpCommandExecutor.java:158)
	at org.openqa.selenium.remote.service.DriverCommandExecutor.execute(DriverCommandExecutor.java:83)
	at org.openqa.selenium.remote.RemoteWebDriver.execute(RemoteWebDriver.java:552)
	at org.openqa.selenium.remote.RemoteWebDriver.get(RemoteWebDriver.java:277)
	at com.testng.concepts.ParallelTest.flipkartTest(ParallelTest.java:38)
	at sun.reflect.NativeMethodAccessorImpl.invoke0(Native Method)
	at sun.reflect.NativeMethodAccessorImpl.invoke(NativeMethodAccessorImpl.java:62)
	at sun.reflect.DelegatingMethodAccessorImpl.invoke(DelegatingMethodAccessorImpl.java:43)
	at java.lang.reflect.Method.invoke(Method.java:498)
	at org.testng.internal.MethodInvocationHelper.invokeMethod(MethodInvocationHelper.java:135)
	at org.testng.internal.TestInvoker.invokeMethod(TestInvoker.java:598)
	at org.testng.internal.TestInvoker.invokeTestMethod(TestInvoker.java:174)
	at org.testng.internal.MethodRunner.runInSequence(MethodRunner.java:46)
	at org.testng.internal.TestInvoker$MethodInvocationAgent.invoke(TestInvoker.java:821)
	at org.testng.internal.TestInvoker.invokeTestMethods(TestInvoker.java:147)
	at org.testng.internal.TestMethodWorker.invokeTestMethods(TestMethodWorker.java:146)
	at org.testng.internal.TestMethodWorker.run(TestMethodWorker.java:128)
	at java.util.ArrayList.forEach(ArrayList.java:1257)
	at org.testng.TestRunner.privateRun(TestRunner.java:767)
	at org.testng.TestRunner.run(TestRunner.java:588)
	at org.testng.SuiteRunner.runTest(SuiteRunner.java:384)
	at org.testng.SuiteRunner.runSequentially(SuiteRunner.java:378)
	at org.testng.SuiteRunner.privateRun(SuiteRunner.java:337)
	at org.testng.SuiteRunner.run(SuiteRunner.java:286)
	at org.testng.SuiteRunnerWorker.runSuite(SuiteRunnerWorker.java:53)
	at org.testng.SuiteRunnerWorker.run(SuiteRunnerWorker.java:96)
	at org.testng.TestNG.runSuitesSequentially(TestNG.java:1214)
	at org.testng.TestNG.runSuitesLocally(TestNG.java:1136)
	at org.testng.TestNG.runSuites(TestNG.java:1066)
	at org.testng.TestNG.run(TestNG.java:1034)
	at org.testng.remote.AbstractRemoteTestNG.run(AbstractRemoteTestNG.java:115)
	at org.testng.remote.RemoteTestNG.initAndRun(RemoteTestNG.java:251)
	at org.testng.remote.RemoteTestNG.main(RemoteTestNG.java:77)
</pre></div></td>
<td>307</td>
<td>com.testng.concepts.ParallelTest@2173f6d9</td></tr>
<tr>
<td title='com.testng.concepts.TimeOutTest.laptopSearch()'><b>laptopSearch</b><br>Test class: com.testng.concepts.TimeOutTest</td>
<td><div><pre>org.testng.internal.thread.ThreadTimeoutException: Method com.testng.concepts.TimeOutTest.laptopSearch() didn&apos;t finish within the time-out 4000
	at java.util.ArrayList.forEach(ArrayList.java:1257)
... Removed 24 stack frames</pre></div><a href='#' onClick='toggleBox("stack-trace1564698139", this, "Click to show all stack frames", "Click to hide stack frames")'>Click to show all stack frames</a>
<div class='stack-trace' id='stack-trace1564698139'><pre>org.testng.internal.thread.ThreadTimeoutException: Method com.testng.concepts.TimeOutTest.laptopSearch() didn&apos;t finish within the time-out 4000
	at org.testng.internal.MethodInvocationHelper.invokeWithTimeoutWithNewExecutor(MethodInvocationHelper.java:374)
	at org.testng.internal.MethodInvocationHelper.invokeWithTimeout(MethodInvocationHelper.java:285)
	at org.testng.internal.TestInvoker.invokeMethod(TestInvoker.java:604)
	at org.testng.internal.TestInvoker.invokeTestMethod(TestInvoker.java:174)
	at org.testng.internal.MethodRunner.runInSequence(MethodRunner.java:46)
	at org.testng.internal.TestInvoker$MethodInvocationAgent.invoke(TestInvoker.java:821)
	at org.testng.internal.TestInvoker.invokeTestMethods(TestInvoker.java:147)
	at org.testng.internal.TestMethodWorker.invokeTestMethods(TestMethodWorker.java:146)
	at org.testng.internal.TestMethodWorker.run(TestMethodWorker.java:128)
	at java.util.ArrayList.forEach(ArrayList.java:1257)
	at org.testng.TestRunner.privateRun(TestRunner.java:767)
	at org.testng.TestRunner.run(TestRunner.java:588)
	at org.testng.SuiteRunner.runTest(SuiteRunner.java:384)
	at org.testng.SuiteRunner.runSequentially(SuiteRunner.java:378)
	at org.testng.SuiteRunner.privateRun(SuiteRunner.java:337)
	at org.testng.SuiteRunner.run(SuiteRunner.java:286)
	at org.testng.SuiteRunnerWorker.runSuite(SuiteRunnerWorker.java:53)
	at org.testng.SuiteRunnerWorker.run(SuiteRunnerWorker.java:96)
	at org.testng.TestNG.runSuitesSequentially(TestNG.java:1214)
	at org.testng.TestNG.runSuitesLocally(TestNG.java:1136)
	at org.testng.TestNG.runSuites(TestNG.java:1066)
	at org.testng.TestNG.run(TestNG.java:1034)
	at org.testng.remote.AbstractRemoteTestNG.run(AbstractRemoteTestNG.java:115)
	at org.testng.remote.RemoteTestNG.initAndRun(RemoteTestNG.java:251)
	at org.testng.remote.RemoteTestNG.main(RemoteTestNG.java:77)
</pre></div></td>
<td>4</td>
<td>com.testng.concepts.TimeOutTest@6f195bc3</td></tr>
<tr>
<td title='com.testng.concepts.ParameterizedTest.login()'><b>login</b><br>Test class: com.testng.concepts.ParameterizedTest</td>
<td><div><pre>org.testng.TestNGException: 
Parameter &apos;username&apos; is required by @Test on method login but has not been marked @Optional or defined
in C:\Users\BALAJI\eclipse-workspace\automationselenium\testng.xml
	at java.util.ArrayList.forEach(ArrayList.java:1257)
... Removed 26 stack frames</pre></div><a href='#' onClick='toggleBox("stack-trace1129944640", this, "Click to show all stack frames", "Click to hide stack frames")'>Click to show all stack frames</a>
<div class='stack-trace' id='stack-trace1129944640'><pre>org.testng.TestNGException: 
Parameter &apos;username&apos; is required by @Test on method login but has not been marked @Optional or defined
in C:\Users\BALAJI\eclipse-workspace\automationselenium\testng.xml
	at org.testng.internal.Parameters.createParams(Parameters.java:268)
	at org.testng.internal.Parameters.createParametersForMethod(Parameters.java:356)
	at org.testng.internal.Parameters.createParameters(Parameters.java:700)
	at org.testng.internal.Parameters.handleParameters(Parameters.java:875)
	at org.testng.internal.Parameters.handleParameters(Parameters.java:740)
	at org.testng.internal.ParameterHandler.handleParameters(ParameterHandler.java:59)
	at org.testng.internal.ParameterHandler.createParameters(ParameterHandler.java:38)
	at org.testng.internal.TestInvoker$MethodInvocationAgent.invoke(TestInvoker.java:788)
	at org.testng.internal.TestInvoker.invokeTestMethods(TestInvoker.java:147)
	at org.testng.internal.TestMethodWorker.invokeTestMethods(TestMethodWorker.java:146)
	at org.testng.internal.TestMethodWorker.run(TestMethodWorker.java:128)
	at java.util.ArrayList.forEach(ArrayList.java:1257)
	at org.testng.TestRunner.privateRun(TestRunner.java:767)
	at org.testng.TestRunner.run(TestRunner.java:588)
	at org.testng.SuiteRunner.runTest(SuiteRunner.java:384)
	at org.testng.SuiteRunner.runSequentially(SuiteRunner.java:378)
	at org.testng.SuiteRunner.privateRun(SuiteRunner.java:337)
	at org.testng.SuiteRunner.run(SuiteRunner.java:286)
	at org.testng.SuiteRunnerWorker.runSuite(SuiteRunnerWorker.java:53)
	at org.testng.SuiteRunnerWorker.run(SuiteRunnerWorker.java:96)
	at org.testng.TestNG.runSuitesSequentially(TestNG.java:1214)
	at org.testng.TestNG.runSuitesLocally(TestNG.java:1136)
	at org.testng.TestNG.runSuites(TestNG.java:1066)
	at org.testng.TestNG.run(TestNG.java:1034)
	at org.testng.remote.AbstractRemoteTestNG.run(AbstractRemoteTestNG.java:115)
	at org.testng.remote.RemoteTestNG.initAndRun(RemoteTestNG.java:251)
	at org.testng.remote.RemoteTestNG.main(RemoteTestNG.java:77)
</pre></div></td>
<td>0</td>
<td>com.testng.concepts.ParameterizedTest@307f6b8c</td></tr>
</table><p>
<table width='100%' border='1' class='invocation-passed'>
<tr><td colspan='4' align='center'><b>PASSED TESTS</b></td></tr>
<tr><td><b>Test method</b></td>
<td width="30%"><b>Exception</b></td>
<td width="10%"><b>Time (seconds)</b></td>
<td><b>Instance</b></td>
</tr>
<tr>
<td title='com.testng.concepts.GroupTest.APITest1()'><b>APITest1</b><br>Test class: com.testng.concepts.GroupTest</td>
<td></td>
<td>0</td>
<td>com.testng.concepts.GroupTest@467aecef</td></tr>
<tr>
<td title='com.testng.concepts.GroupTest.APITest2()'><b>APITest2</b><br>Test class: com.testng.concepts.GroupTest</td>
<td></td>
<td>0</td>
<td>com.testng.concepts.GroupTest@467aecef</td></tr>
<tr>
<td title='com.testng.concepts.GroupTest.ApiumTest1()'><b>ApiumTest1</b><br>Test class: com.testng.concepts.GroupTest</td>
<td></td>
<td>0</td>
<td>com.testng.concepts.GroupTest@467aecef</td></tr>
<tr>
<td title='com.testng.concepts.GroupTest.ApiumTest2()'><b>ApiumTest2</b><br>Test class: com.testng.concepts.GroupTest</td>
<td></td>
<td>0</td>
<td>com.testng.concepts.GroupTest@467aecef</td></tr>
<tr>
<td title='com.testng.concepts.GroupTest.SeleniumTest1()'><b>SeleniumTest1</b><br>Test class: com.testng.concepts.GroupTest</td>
<td></td>
<td>0</td>
<td>com.testng.concepts.GroupTest@467aecef</td></tr>
<tr>
<td title='com.testng.concepts.GroupTest.SeleniumTest2()'><b>SeleniumTest2</b><br>Test class: com.testng.concepts.GroupTest</td>
<td></td>
<td>0</td>
<td>com.testng.concepts.GroupTest@467aecef</td></tr>
<tr>
<td title='com.testng.concepts.GroupTest.SeleniumTest3()'><b>SeleniumTest3</b><br>Test class: com.testng.concepts.GroupTest</td>
<td></td>
<td>0</td>
<td>com.testng.concepts.GroupTest@467aecef</td></tr>
<tr>
<td title='com.testng.concepts.ParallelTest.amazonTest()'><b>amazonTest</b><br>Test class: com.testng.concepts.ParallelTest</td>
<td></td>
<td>36</td>
<td>com.testng.concepts.ParallelTest@2173f6d9</td></tr>
<tr>
<td title='com.testng.concepts.IgnoreTest.browserClose()'><b>browserClose</b><br>Test class: com.testng.concepts.IgnoreTest</td>
<td></td>
<td>0</td>
<td>com.testng.concepts.IgnoreTest@4d50efb8</td></tr>
<tr>
<td title='com.testng.concepts.PriorityTest.browserClose()'><b>browserClose</b><br>Test class: com.testng.concepts.PriorityTest</td>
<td></td>
<td>0</td>
<td>com.testng.concepts.PriorityTest@7a187f14</td></tr>
<tr>
<td title='com.testng.concepts.DependencyTest.browserLaunch()'><b>browserLaunch</b><br>Test class: com.testng.concepts.DependencyTest</td>
<td></td>
<td>0</td>
<td>com.testng.concepts.DependencyTest@3cb1ffe6</td></tr>
<tr>
<td title='com.testng.concepts.IgnoreTest.browserLaunch()'><b>browserLaunch</b><br>Test class: com.testng.concepts.IgnoreTest</td>
<td></td>
<td>0</td>
<td>com.testng.concepts.IgnoreTest@4d50efb8</td></tr>
<tr>
<td title='com.testng.concepts.InvocationTest.browserLaunch()'><b>browserLaunch</b><br>Test class: com.testng.concepts.InvocationTest</td>
<td></td>
<td>0</td>
<td>com.testng.concepts.InvocationTest@7e2d773b</td></tr>
<tr>
<td title='com.testng.concepts.InvocationTest.browserLaunch()'><b>browserLaunch</b><br>Test class: com.testng.concepts.InvocationTest</td>
<td></td>
<td>0</td>
<td>com.testng.concepts.InvocationTest@7e2d773b</td></tr>
<tr>
<td title='com.testng.concepts.InvocationTest.browserLaunch()'><b>browserLaunch</b><br>Test class: com.testng.concepts.InvocationTest</td>
<td></td>
<td>0</td>
<td>com.testng.concepts.InvocationTest@7e2d773b</td></tr>
<tr>
<td title='com.testng.concepts.InvocationTest.browserLaunch()'><b>browserLaunch</b><br>Test class: com.testng.concepts.InvocationTest</td>
<td></td>
<td>0</td>
<td>com.testng.concepts.InvocationTest@7e2d773b</td></tr>
<tr>
<td title='com.testng.concepts.InvocationTest.browserLaunch()'><b>browserLaunch</b><br>Test class: com.testng.concepts.InvocationTest</td>
<td></td>
<td>0</td>
<td>com.testng.concepts.InvocationTest@7e2d773b</td></tr>
<tr>
<td title='com.testng.concepts.PriorityTest.browserLaunch()'><b>browserLaunch</b><br>Test class: com.testng.concepts.PriorityTest</td>
<td></td>
<td>0</td>
<td>com.testng.concepts.PriorityTest@7a187f14</td></tr>
<tr>
<td title='com.testng.concepts.PriorityTest.deleteCookies()'><b>deleteCookies</b><br>Test class: com.testng.concepts.PriorityTest</td>
<td></td>
<td>0</td>
<td>com.testng.concepts.PriorityTest@7a187f14</td></tr>
<tr>
<td title='com.testng.concepts.ExceptionTest.divide()'><b>divide</b><br>Test class: com.testng.concepts.ExceptionTest</td>
<td><div><pre>java.lang.ArithmeticException: / by zero
	at com.testng.concepts.ExceptionTest.divide(ExceptionTest.java:11)
	at java.util.ArrayList.forEach(ArrayList.java:1257)
... Removed 27 stack frames</pre></div><a href='#' onClick='toggleBox("stack-trace757708014", this, "Click to show all stack frames", "Click to hide stack frames")'>Click to show all stack frames</a>
<div class='stack-trace' id='stack-trace757708014'><pre>java.lang.ArithmeticException: / by zero
	at com.testng.concepts.ExceptionTest.divide(ExceptionTest.java:11)
	at sun.reflect.NativeMethodAccessorImpl.invoke0(Native Method)
	at sun.reflect.NativeMethodAccessorImpl.invoke(NativeMethodAccessorImpl.java:62)
	at sun.reflect.DelegatingMethodAccessorImpl.invoke(DelegatingMethodAccessorImpl.java:43)
	at java.lang.reflect.Method.invoke(Method.java:498)
	at org.testng.internal.MethodInvocationHelper.invokeMethod(MethodInvocationHelper.java:135)
	at org.testng.internal.TestInvoker.invokeMethod(TestInvoker.java:598)
	at org.testng.internal.TestInvoker.invokeTestMethod(TestInvoker.java:174)
	at org.testng.internal.MethodRunner.runInSequence(MethodRunner.java:46)
	at org.testng.internal.TestInvoker$MethodInvocationAgent.invoke(TestInvoker.java:821)
	at org.testng.internal.TestInvoker.invokeTestMethods(TestInvoker.java:147)
	at org.testng.internal.TestMethodWorker.invokeTestMethods(TestMethodWorker.java:146)
	at org.testng.internal.TestMethodWorker.run(TestMethodWorker.java:128)
	at java.util.ArrayList.forEach(ArrayList.java:1257)
	at org.testng.TestRunner.privateRun(TestRunner.java:767)
	at org.testng.TestRunner.run(TestRunner.java:588)
	at org.testng.SuiteRunner.runTest(SuiteRunner.java:384)
	at org.testng.SuiteRunner.runSequentially(SuiteRunner.java:378)
	at org.testng.SuiteRunner.privateRun(SuiteRunner.java:337)
	at org.testng.SuiteRunner.run(SuiteRunner.java:286)
	at org.testng.SuiteRunnerWorker.runSuite(SuiteRunnerWorker.java:53)
	at org.testng.SuiteRunnerWorker.run(SuiteRunnerWorker.java:96)
	at org.testng.TestNG.runSuitesSequentially(TestNG.java:1214)
	at org.testng.TestNG.runSuitesLocally(TestNG.java:1136)
	at org.testng.TestNG.runSuites(TestNG.java:1066)
	at org.testng.TestNG.run(TestNG.java:1034)
	at org.testng.remote.AbstractRemoteTestNG.run(AbstractRemoteTestNG.java:115)
	at org.testng.remote.RemoteTestNG.initAndRun(RemoteTestNG.java:251)
	at org.testng.remote.RemoteTestNG.main(RemoteTestNG.java:77)
</pre></div></td>
<td>0</td>
<td>com.testng.concepts.ExceptionTest@3dfc5fb8</td></tr>
<tr>
<td title='com.testng.concepts.DependencyTest.enterUrl()'><b>enterUrl</b><br>Test class: com.testng.concepts.DependencyTest</td>
<td></td>
<td>0</td>
<td>com.testng.concepts.DependencyTest@3cb1ffe6</td></tr>
<tr>
<td title='com.testng.concepts.InvocationTest.enterUrl()'><b>enterUrl</b><br>Test class: com.testng.concepts.InvocationTest</td>
<td></td>
<td>0</td>
<td>com.testng.concepts.InvocationTest@7e2d773b</td></tr>
<tr>
<td title='com.testng.concepts.PriorityTest.enterUrl()'><b>enterUrl</b><br>Test class: com.testng.concepts.PriorityTest</td>
<td></td>
<td>0</td>
<td>com.testng.concepts.PriorityTest@7a187f14</td></tr>
<tr>
<td title='com.testng.concepts.PriorityTest.logOut()'><b>logOut</b><br>Test class: com.testng.concepts.PriorityTest</td>
<td></td>
<td>0</td>
<td>com.testng.concepts.PriorityTest@7a187f14</td></tr>
<tr>
<td title='com.testng.concepts.DataProviderTest.login()'><b>login</b><br>Test class: com.testng.concepts.DataProviderTest<br>Parameters: aaa, 1111</td>
<td></td>
<td>0</td>
<td>com.testng.concepts.DataProviderTest@2a742aa2</td></tr>
<tr>
<td title='com.testng.concepts.DataProviderTest.login()'><b>login</b><br>Test class: com.testng.concepts.DataProviderTest<br>Parameters: bbb, 2222</td>
<td></td>
<td>0</td>
<td>com.testng.concepts.DataProviderTest@2a742aa2</td></tr>
<tr>
<td title='com.testng.concepts.DataProviderTest.login()'><b>login</b><br>Test class: com.testng.concepts.DataProviderTest<br>Parameters: ccc, 3333</td>
<td></td>
<td>0</td>
<td>com.testng.concepts.DataProviderTest@2a742aa2</td></tr>
<tr>
<td title='com.testng.concepts.Annotations.mobileSearch()'><b>mobileSearch</b><br>Test class: com.testng.concepts.Annotations</td>
<td></td>
<td>0</td>
<td>com.testng.concepts.Annotations@7d70d1b1</td></tr>
<tr>
<td title='com.testng.concepts.DependencyTest.mobileSearch()'><b>mobileSearch</b><br>Test class: com.testng.concepts.DependencyTest</td>
<td></td>
<td>0</td>
<td>com.testng.concepts.DependencyTest@3cb1ffe6</td></tr>
<tr>
<td title='com.testng.concepts.InvocationTest.mobileSearch()'><b>mobileSearch</b><br>Test class: com.testng.concepts.InvocationTest</td>
<td></td>
<td>0</td>
<td>com.testng.concepts.InvocationTest@7e2d773b</td></tr>
<tr>
<td title='com.testng.concepts.TimeOutTest.mobileSearch()'><b>mobileSearch</b><br>Test class: com.testng.concepts.TimeOutTest</td>
<td></td>
<td>0</td>
<td>com.testng.concepts.TimeOutTest@6f195bc3</td></tr>
<tr>
<td title='com.testng.concepts.PriorityTest.mobileSearch()'><b>mobileSearch</b><br>Test class: com.testng.concepts.PriorityTest</td>
<td></td>
<td>0</td>
<td>com.testng.concepts.PriorityTest@7a187f14</td></tr>
<tr>
<td title='com.testng.concepts.IgnoreTest.setup()'><b>setup</b><br>Test class: com.testng.concepts.IgnoreTest</td>
<td></td>
<td>0</td>
<td>com.testng.concepts.IgnoreTest@4d50efb8</td></tr>
<tr>
<td title='com.testng.concepts.DependencyTest.signIn()'><b>signIn</b><br>Test class: com.testng.concepts.DependencyTest</td>
<td></td>
<td>0</td>
<td>com.testng.concepts.DependencyTest@3cb1ffe6</td></tr>
<tr>
<td title='com.testng.concepts.InvocationTest.signIn()'><b>signIn</b><br>Test class: com.testng.concepts.InvocationTest</td>
<td></td>
<td>0</td>
<td>com.testng.concepts.InvocationTest@7e2d773b</td></tr>
<tr>
<td title='com.testng.concepts.InvocationTest.signIn()'><b>signIn</b><br>Test class: com.testng.concepts.InvocationTest</td>
<td></td>
<td>0</td>
<td>com.testng.concepts.InvocationTest@7e2d773b</td></tr>
<tr>
<td title='com.testng.concepts.InvocationTest.signIn()'><b>signIn</b><br>Test class: com.testng.concepts.InvocationTest</td>
<td></td>
<td>0</td>
<td>com.testng.concepts.InvocationTest@7e2d773b</td></tr>
<tr>
<td title='com.testng.concepts.InvocationTest.signIn()'><b>signIn</b><br>Test class: com.testng.concepts.InvocationTest</td>
<td></td>
<td>0</td>
<td>com.testng.concepts.InvocationTest@7e2d773b</td></tr>
<tr>
<td title='com.testng.concepts.InvocationTest.signIn()'><b>signIn</b><br>Test class: com.testng.concepts.InvocationTest</td>
<td></td>
<td>0</td>
<td>com.testng.concepts.InvocationTest@7e2d773b</td></tr>
<tr>
<td title='com.testng.concepts.PriorityTest.signIn()'><b>signIn</b><br>Test class: com.testng.concepts.PriorityTest</td>
<td></td>
<td>0</td>
<td>com.testng.concepts.PriorityTest@7a187f14</td></tr>
<tr>
<td title='com.testng.concepts.TimeOutTest.tvSearch()'><b>tvSearch</b><br>Test class: com.testng.concepts.TimeOutTest</td>
<td></td>
<td>0</td>
<td>com.testng.concepts.TimeOutTest@6f195bc3</td></tr>
<tr>
<td title='com.testng.concepts.IgnoreTest.verifyHomepage()'><b>verifyHomepage</b><br>Test class: com.testng.concepts.IgnoreTest</td>
<td></td>
<td>0</td>
<td>com.testng.concepts.IgnoreTest@4d50efb8</td></tr>
<tr>
<td title='com.testng.concepts.PriorityTest.verifyHomepage()'><b>verifyHomepage</b><br>Test class: com.testng.concepts.PriorityTest</td>
<td></td>
<td>0</td>
<td>com.testng.concepts.PriorityTest@7a187f14</td></tr>
<tr>
<td title='com.testng.concepts.PriorityTest.zsetup()'><b>zsetup</b><br>Test class: com.testng.concepts.PriorityTest</td>
<td></td>
<td>0</td>
<td>com.testng.concepts.PriorityTest@7a187f14</td></tr>
</table><p>
</body>
</html>