<?xml version="1.0" encoding="UTF-8"?>
<!-- Generated by org.testng.reporters.JUnitXMLReporter -->
<testsuite hostname="BALAJI-PC" ignored="0" name="Test" tests="10" failures="2" timestamp="2020-05-19T11:54:43 IST" time="0.973" errors="0">
  <testcase name="homePageValidation" time="0.148" classname="com.retryanalyzer.SampleTest">
    <skipped/>
  </testcase> <!-- homePageValidation -->
  <testcase name="homePageValidation" time="0.01" classname="com.retryanalyzer.SampleTest">
    <skipped/>
  </testcase> <!-- homePageValidation -->
  <testcase name="homePageValidation" time="0.044" classname="com.retryanalyzer.SampleTest">
    <skipped/>
  </testcase> <!-- homePageValidation -->
  <testcase name="homePageValidation" time="0.011" classname="com.retryanalyzer.SampleTest">
    <skipped/>
  </testcase> <!-- homePageValidation -->
  <testcase name="homePageValidation" time="0.005" classname="com.retryanalyzer.SampleTest">
    <failure type="java.lang.AssertionError" message="expected [Arun] but found [balaji]">
      <![CDATA[java.lang.AssertionError: expected [Arun] but found [balaji]
at com.retryanalyzer.SampleTest.homePageValidation(SampleTest.java:23)
at java.util.ArrayList.forEach(ArrayList.java:1257)
... Removed 32 stack frames]]>
    </failure>
  </testcase> <!-- homePageValidation -->
  <testcase name="usernameValidation" time="0.006" classname="com.retryanalyzer.SampleTest">
    <skipped/>
  </testcase> <!-- usernameValidation -->
  <testcase name="usernameValidation" time="0.013" classname="com.retryanalyzer.SampleTest">
    <skipped/>
  </testcase> <!-- usernameValidation -->
  <testcase name="usernameValidation" time="0.013" classname="com.retryanalyzer.SampleTest">
    <skipped/>
  </testcase> <!-- usernameValidation -->
  <testcase name="usernameValidation" time="0.004" classname="com.retryanalyzer.SampleTest">
    <skipped/>
  </testcase> <!-- usernameValidation -->
  <testcase name="usernameValidation" time="0.231" classname="com.retryanalyzer.SampleTest">
    <failure type="java.lang.AssertionError" message="expected [Arunkumar] but found [Arun]">
      <![CDATA[java.lang.AssertionError: expected [Arunkumar] but found [Arun]
at com.retryanalyzer.SampleTest.usernameValidation(SampleTest.java:14)
at java.util.ArrayList.forEach(ArrayList.java:1257)
... Removed 32 stack frames]]>
    </failure>
  </testcase> <!-- usernameValidation -->
</testsuite> <!-- Test -->
